c:\users\4com\desktop\20180207_sql주석버전\framework\release\vc141.pdb
c:\users\4com\desktop\20180207_sql주석버전\framework\release\npc.obj
c:\users\4com\desktop\20180207_sql주석버전\framework\release\mysql.obj
c:\users\4com\desktop\20180207_sql주석버전\framework\release\menu.obj
c:\users\4com\desktop\20180207_sql주석버전\framework\release\map.obj
c:\users\4com\desktop\20180207_sql주석버전\framework\release\main.obj
c:\users\4com\desktop\20180207_sql주석버전\framework\release\logo.obj
c:\users\4com\desktop\20180207_sql주석버전\framework\release\key.obj
c:\users\4com\desktop\20180207_sql주석버전\framework\release\item.obj
c:\users\4com\desktop\20180207_sql주석버전\framework\release\inventory.obj
c:\users\4com\desktop\20180207_sql주석버전\framework\release\gamemanager.obj
c:\users\4com\desktop\20180207_sql주석버전\framework\release\game.obj
c:\users\4com\desktop\20180207_sql주석버전\framework\release\fishing.obj
c:\users\4com\desktop\20180207_sql주석버전\framework\release\fish.obj
c:\users\4com\desktop\20180207_sql주석버전\framework\release\devicefont.obj
c:\users\4com\desktop\20180207_sql주석버전\framework\release\dxutsound.obj
c:\users\4com\desktop\20180207_sql주석버전\framework\release\deal.obj
c:\users\4com\desktop\20180207_sql주석버전\framework\release\comeonfish.obj
c:\users\4com\desktop\20180207_sql주석버전\framework\release\cmng.obj
c:\users\4com\desktop\20180207_sql주석버전\framework\release\cat.obj
c:\users\4com\desktop\20180207_sql주석버전\framework\release\boat.obj
c:\users\4com\desktop\20180207_sql주석버전\framework\release\town.obj
c:\users\4com\desktop\20180207_sql주석버전\framework\release\story.obj
c:\users\4com\desktop\20180207_sql주석버전\framework\release\sprite.obj
c:\users\4com\desktop\20180207_sql주석버전\framework\release\sound.obj
c:\users\4com\desktop\20180207_sql주석버전\framework\release\quest.obj
c:\users\4com\desktop\20180207_sql주석버전\framework\release\power.obj
c:\users\4com\desktop\20180207_sql주석버전\framework\release\over.obj
c:\users\4com\desktop\20180207_sql주석버전\framework\release\option.obj
c:\users\4com\desktop\20180207_sql주석버전\release\framework.ipdb
c:\users\4com\desktop\20180207_sql주석버전\release\framework.iobj
c:\users\4com\desktop\20180207_sql주석버전\release\framework.exe
c:\users\4com\desktop\20180207_sql주석버전\release\framework.pdb
c:\users\4com\desktop\20180207_sql주석버전\framework\release\framework.tlog\cl.command.1.tlog
c:\users\4com\desktop\20180207_sql주석버전\framework\release\framework.tlog\cl.read.1.tlog
c:\users\4com\desktop\20180207_sql주석버전\framework\release\framework.tlog\cl.write.1.tlog
c:\users\4com\desktop\20180207_sql주석버전\framework\release\framework.tlog\framework.write.1u.tlog
c:\users\4com\desktop\20180207_sql주석버전\framework\release\framework.tlog\link.command.1.tlog
c:\users\4com\desktop\20180207_sql주석버전\framework\release\framework.tlog\link.read.1.tlog
c:\users\4com\desktop\20180207_sql주석버전\framework\release\framework.tlog\link.write.1.tlog
