  Boat.cpp
E:\0.study\Fishing4Cat-Fianl\FrameWork\Cat.h(7,2): warning C4091: 'typedef ': 변수를 선언하지 않으면 'Kitten' 왼쪽은 무시됩니다.
E:\0.study\Fishing4Cat-Fianl\FrameWork\Item.h(23): warning C4091: 'typedef ': 변수를 선언하지 않으면 'Item::tem' 왼쪽은 무시됩니다.
  Cat.cpp
E:\0.study\Fishing4Cat-Fianl\FrameWork\Cat.h(7,2): warning C4091: 'typedef ': 변수를 선언하지 않으면 'Kitten' 왼쪽은 무시됩니다.
E:\0.study\Fishing4Cat-Fianl\FrameWork\Item.h(23): warning C4091: 'typedef ': 변수를 선언하지 않으면 'Item::tem' 왼쪽은 무시됩니다.
  CMng.cpp
E:\0.study\Fishing4Cat-Fianl\FrameWork\Cat.h(7,2): warning C4091: 'typedef ': 변수를 선언하지 않으면 'Kitten' 왼쪽은 무시됩니다.
E:\0.study\Fishing4Cat-Fianl\FrameWork\Item.h(23): warning C4091: 'typedef ': 변수를 선언하지 않으면 'Item::tem' 왼쪽은 무시됩니다.
  Comeonfish.cpp
E:\0.study\Fishing4Cat-Fianl\FrameWork\Cat.h(7,2): warning C4091: 'typedef ': 변수를 선언하지 않으면 'Kitten' 왼쪽은 무시됩니다.
E:\0.study\Fishing4Cat-Fianl\FrameWork\Item.h(23): warning C4091: 'typedef ': 변수를 선언하지 않으면 'Item::tem' 왼쪽은 무시됩니다.
E:\0.study\Fishing4Cat-Fianl\FrameWork\Comeonfish.cpp(141,19): warning C4244: '인수': 'int'에서 'float'(으)로 변환하면서 데이터가 손실될 수 있습니다.
E:\0.study\Fishing4Cat-Fianl\FrameWork\Comeonfish.cpp(144,23): warning C4244: '인수': 'int'에서 'float'(으)로 변환하면서 데이터가 손실될 수 있습니다.
  Deal.cpp
E:\0.study\Fishing4Cat-Fianl\FrameWork\Cat.h(7,2): warning C4091: 'typedef ': 변수를 선언하지 않으면 'Kitten' 왼쪽은 무시됩니다.
E:\0.study\Fishing4Cat-Fianl\FrameWork\Item.h(23): warning C4091: 'typedef ': 변수를 선언하지 않으면 'Item::tem' 왼쪽은 무시됩니다.
E:\0.study\Fishing4Cat-Fianl\FrameWork\Deal.cpp(680,28): warning C4244: '인수': 'int'에서 'float'(으)로 변환하면서 데이터가 손실될 수 있습니다.
E:\0.study\Fishing4Cat-Fianl\FrameWork\Deal.cpp(680,17): warning C4244: '인수': 'int'에서 'float'(으)로 변환하면서 데이터가 손실될 수 있습니다.
  DXUTsound.cpp
  DeviceFont.cpp
E:\0.study\Fishing4Cat-Fianl\FrameWork\Cat.h(7,2): warning C4091: 'typedef ': 변수를 선언하지 않으면 'Kitten' 왼쪽은 무시됩니다.
E:\0.study\Fishing4Cat-Fianl\FrameWork\Item.h(23): warning C4091: 'typedef ': 변수를 선언하지 않으면 'Item::tem' 왼쪽은 무시됩니다.
E:\0.study\Fishing4Cat-Fianl\FrameWork\DeviceFont.cpp(56,35): warning C4838: 'size_t'에서 'LONG'(으)로의 변환에는 축소 변환이 필요합니다.
E:\0.study\Fishing4Cat-Fianl\FrameWork\DeviceFont.cpp(56,63): warning C4267: '초기화 중': 'size_t'에서 'LONG'(으)로 변환하면서 데이터가 손실될 수 있습니다.
E:\0.study\Fishing4Cat-Fianl\FrameWork\DeviceFont.cpp(59,91): warning C4267: '인수': 'size_t'에서 'INT'(으)로 변환하면서 데이터가 손실될 수 있습니다.
  Fish.cpp
E:\0.study\Fishing4Cat-Fianl\FrameWork\Cat.h(7,2): warning C4091: 'typedef ': 변수를 선언하지 않으면 'Kitten' 왼쪽은 무시됩니다.
E:\0.study\Fishing4Cat-Fianl\FrameWork\Item.h(23): warning C4091: 'typedef ': 변수를 선언하지 않으면 'Item::tem' 왼쪽은 무시됩니다.
E:\0.study\Fishing4Cat-Fianl\FrameWork\Fish.cpp(212,34): warning C4244: '인수': 'int'에서 'float'(으)로 변환하면서 데이터가 손실될 수 있습니다.
E:\0.study\Fishing4Cat-Fianl\FrameWork\Fish.cpp(212,29): warning C4244: '인수': 'int'에서 'float'(으)로 변환하면서 데이터가 손실될 수 있습니다.
E:\0.study\Fishing4Cat-Fianl\FrameWork\Fish.cpp(214,35): warning C4244: '인수': 'int'에서 'float'(으)로 변환하면서 데이터가 손실될 수 있습니다.
E:\0.study\Fishing4Cat-Fianl\FrameWork\Fish.cpp(214,30): warning C4244: '인수': 'int'에서 'float'(으)로 변환하면서 데이터가 손실될 수 있습니다.
E:\0.study\Fishing4Cat-Fianl\FrameWork\Fish.cpp(216,35): warning C4244: '인수': 'int'에서 'float'(으)로 변환하면서 데이터가 손실될 수 있습니다.
E:\0.study\Fishing4Cat-Fianl\FrameWork\Fish.cpp(216,30): warning C4244: '인수': 'int'에서 'float'(으)로 변환하면서 데이터가 손실될 수 있습니다.
E:\0.study\Fishing4Cat-Fianl\FrameWork\Fish.cpp(219,35): warning C4244: '인수': 'int'에서 'float'(으)로 변환하면서 데이터가 손실될 수 있습니다.
E:\0.study\Fishing4Cat-Fianl\FrameWork\Fish.cpp(219,30): warning C4244: '인수': 'int'에서 'float'(으)로 변환하면서 데이터가 손실될 수 있습니다.
E:\0.study\Fishing4Cat-Fianl\FrameWork\Fish.cpp(221,36): warning C4244: '인수': 'int'에서 'float'(으)로 변환하면서 데이터가 손실될 수 있습니다.
E:\0.study\Fishing4Cat-Fianl\FrameWork\Fish.cpp(221,31): warning C4244: '인수': 'int'에서 'float'(으)로 변환하면서 데이터가 손실될 수 있습니다.
E:\0.study\Fishing4Cat-Fianl\FrameWork\Fish.cpp(223,36): warning C4244: '인수': 'int'에서 'float'(으)로 변환하면서 데이터가 손실될 수 있습니다.
E:\0.study\Fishing4Cat-Fianl\FrameWork\Fish.cpp(223,31): warning C4244: '인수': 'int'에서 'float'(으)로 변환하면서 데이터가 손실될 수 있습니다.
  Fishing.cpp
E:\0.study\Fishing4Cat-Fianl\FrameWork\Cat.h(7,2): warning C4091: 'typedef ': 변수를 선언하지 않으면 'Kitten' 왼쪽은 무시됩니다.
E:\0.study\Fishing4Cat-Fianl\FrameWork\Item.h(23): warning C4091: 'typedef ': 변수를 선언하지 않으면 'Item::tem' 왼쪽은 무시됩니다.
E:\0.study\Fishing4Cat-Fianl\FrameWork\Fishing.cpp(113,33): warning C4018: '>': signed 또는 unsigned가 일치하지 않습니다.
E:\0.study\Fishing4Cat-Fianl\FrameWork\Fishing.cpp(235,29): warning C4244: '=': 'int'에서 'float'(으)로 변환하면서 데이터가 손실될 수 있습니다.
E:\0.study\Fishing4Cat-Fianl\FrameWork\Fishing.cpp(237,29): warning C4244: '=': 'int'에서 'float'(으)로 변환하면서 데이터가 손실될 수 있습니다.
E:\0.study\Fishing4Cat-Fianl\FrameWork\Fishing.cpp(239,29): warning C4244: '=': 'int'에서 'float'(으)로 변환하면서 데이터가 손실될 수 있습니다.
E:\0.study\Fishing4Cat-Fianl\FrameWork\Fishing.cpp(620,46): warning C4305: '인수': 'double'에서 'float'(으)로 잘립니다.
  Game.cpp
E:\0.study\Fishing4Cat-Fianl\FrameWork\Cat.h(7,2): warning C4091: 'typedef ': 변수를 선언하지 않으면 'Kitten' 왼쪽은 무시됩니다.
E:\0.study\Fishing4Cat-Fianl\FrameWork\Item.h(23): warning C4091: 'typedef ': 변수를 선언하지 않으면 'Item::tem' 왼쪽은 무시됩니다.
  GameManager.cpp
E:\0.study\Fishing4Cat-Fianl\FrameWork\Cat.h(7,2): warning C4091: 'typedef ': 변수를 선언하지 않으면 'Kitten' 왼쪽은 무시됩니다.
E:\0.study\Fishing4Cat-Fianl\FrameWork\Item.h(23): warning C4091: 'typedef ': 변수를 선언하지 않으면 'Item::tem' 왼쪽은 무시됩니다.
E:\0.study\Fishing4Cat-Fianl\FrameWork\GameManager.cpp(42,8): warning C4101: 'token' :참조되지 않은 지역 변수입니다.
  Inventory.cpp
E:\0.study\Fishing4Cat-Fianl\FrameWork\Cat.h(7,2): warning C4091: 'typedef ': 변수를 선언하지 않으면 'Kitten' 왼쪽은 무시됩니다.
E:\0.study\Fishing4Cat-Fianl\FrameWork\Item.h(23): warning C4091: 'typedef ': 변수를 선언하지 않으면 'Item::tem' 왼쪽은 무시됩니다.
E:\0.study\Fishing4Cat-Fianl\FrameWork\Inventory.cpp(417,28): warning C4244: '인수': 'int'에서 'float'(으)로 변환하면서 데이터가 손실될 수 있습니다.
E:\0.study\Fishing4Cat-Fianl\FrameWork\Inventory.cpp(417,17): warning C4244: '인수': 'int'에서 'float'(으)로 변환하면서 데이터가 손실될 수 있습니다.
  Item.cpp
E:\0.study\Fishing4Cat-Fianl\FrameWork\Cat.h(7,2): warning C4091: 'typedef ': 변수를 선언하지 않으면 'Kitten' 왼쪽은 무시됩니다.
E:\0.study\Fishing4Cat-Fianl\FrameWork\Item.h(23): warning C4091: 'typedef ': 변수를 선언하지 않으면 'Item::tem' 왼쪽은 무시됩니다.
E:\0.study\Fishing4Cat-Fianl\FrameWork\Item.cpp(72,39): warning C4244: '인수': 'int'에서 'float'(으)로 변환하면서 데이터가 손실될 수 있습니다.
E:\0.study\Fishing4Cat-Fianl\FrameWork\Item.cpp(72,33): warning C4244: '인수': 'int'에서 'float'(으)로 변환하면서 데이터가 손실될 수 있습니다.
E:\0.study\Fishing4Cat-Fianl\FrameWork\Item.cpp(74,32): warning C4244: '인수': 'int'에서 'float'(으)로 변환하면서 데이터가 손실될 수 있습니다.
E:\0.study\Fishing4Cat-Fianl\FrameWork\Item.cpp(74,26): warning C4244: '인수': 'int'에서 'float'(으)로 변환하면서 데이터가 손실될 수 있습니다.
E:\0.study\Fishing4Cat-Fianl\FrameWork\Item.cpp(76,35): warning C4244: '인수': 'int'에서 'float'(으)로 변환하면서 데이터가 손실될 수 있습니다.
E:\0.study\Fishing4Cat-Fianl\FrameWork\Item.cpp(76,29): warning C4244: '인수': 'int'에서 'float'(으)로 변환하면서 데이터가 손실될 수 있습니다.
E:\0.study\Fishing4Cat-Fianl\FrameWork\Item.cpp(78,32): warning C4244: '인수': 'int'에서 'float'(으)로 변환하면서 데이터가 손실될 수 있습니다.
E:\0.study\Fishing4Cat-Fianl\FrameWork\Item.cpp(78,26): warning C4244: '인수': 'int'에서 'float'(으)로 변환하면서 데이터가 손실될 수 있습니다.
E:\0.study\Fishing4Cat-Fianl\FrameWork\Item.cpp(80,32): warning C4244: '인수': 'int'에서 'float'(으)로 변환하면서 데이터가 손실될 수 있습니다.
E:\0.study\Fishing4Cat-Fianl\FrameWork\Item.cpp(80,26): warning C4244: '인수': 'int'에서 'float'(으)로 변환하면서 데이터가 손실될 수 있습니다.
E:\0.study\Fishing4Cat-Fianl\FrameWork\Item.cpp(82,31): warning C4244: '인수': 'int'에서 'float'(으)로 변환하면서 데이터가 손실될 수 있습니다.
E:\0.study\Fishing4Cat-Fianl\FrameWork\Item.cpp(82,25): warning C4244: '인수': 'int'에서 'float'(으)로 변환하면서 데이터가 손실될 수 있습니다.
E:\0.study\Fishing4Cat-Fianl\FrameWork\Item.cpp(84,35): warning C4244: '인수': 'int'에서 'float'(으)로 변환하면서 데이터가 손실될 수 있습니다.
E:\0.study\Fishing4Cat-Fianl\FrameWork\Item.cpp(84,29): warning C4244: '인수': 'int'에서 'float'(으)로 변환하면서 데이터가 손실될 수 있습니다.
E:\0.study\Fishing4Cat-Fianl\FrameWork\Item.cpp(86,33): warning C4244: '인수': 'int'에서 'float'(으)로 변환하면서 데이터가 손실될 수 있습니다.
E:\0.study\Fishing4Cat-Fianl\FrameWork\Item.cpp(86,27): warning C4244: '인수': 'int'에서 'float'(으)로 변환하면서 데이터가 손실될 수 있습니다.
E:\0.study\Fishing4Cat-Fianl\FrameWork\Item.cpp(88,33): warning C4244: '인수': 'int'에서 'float'(으)로 변환하면서 데이터가 손실될 수 있습니다.
E:\0.study\Fishing4Cat-Fianl\FrameWork\Item.cpp(88,27): warning C4244: '인수': 'int'에서 'float'(으)로 변환하면서 데이터가 손실될 수 있습니다.
E:\0.study\Fishing4Cat-Fianl\FrameWork\Item.cpp(90,32): warning C4244: '인수': 'int'에서 'float'(으)로 변환하면서 데이터가 손실될 수 있습니다.
E:\0.study\Fishing4Cat-Fianl\FrameWork\Item.cpp(90,26): warning C4244: '인수': 'int'에서 'float'(으)로 변환하면서 데이터가 손실될 수 있습니다.
E:\0.study\Fishing4Cat-Fianl\FrameWork\Item.cpp(92,32): warning C4244: '인수': 'int'에서 'float'(으)로 변환하면서 데이터가 손실될 수 있습니다.
E:\0.study\Fishing4Cat-Fianl\FrameWork\Item.cpp(92,26): warning C4244: '인수': 'int'에서 'float'(으)로 변환하면서 데이터가 손실될 수 있습니다.
E:\0.study\Fishing4Cat-Fianl\FrameWork\Item.cpp(94,32): warning C4244: '인수': 'int'에서 'float'(으)로 변환하면서 데이터가 손실될 수 있습니다.
E:\0.study\Fishing4Cat-Fianl\FrameWork\Item.cpp(94,26): warning C4244: '인수': 'int'에서 'float'(으)로 변환하면서 데이터가 손실될 수 있습니다.
E:\0.study\Fishing4Cat-Fianl\FrameWork\Item.cpp(96,36): warning C4244: '인수': 'int'에서 'float'(으)로 변환하면서 데이터가 손실될 수 있습니다.
E:\0.study\Fishing4Cat-Fianl\FrameWork\Item.cpp(96,30): warning C4244: '인수': 'int'에서 'float'(으)로 변환하면서 데이터가 손실될 수 있습니다.
E:\0.study\Fishing4Cat-Fianl\FrameWork\Item.cpp(98,35): warning C4244: '인수': 'int'에서 'float'(으)로 변환하면서 데이터가 손실될 수 있습니다.
E:\0.study\Fishing4Cat-Fianl\FrameWork\Item.cpp(98,29): warning C4244: '인수': 'int'에서 'float'(으)로 변환하면서 데이터가 손실될 수 있습니다.
E:\0.study\Fishing4Cat-Fianl\FrameWork\Item.cpp(100,38): warning C4244: '인수': 'int'에서 'float'(으)로 변환하면서 데이터가 손실될 수 있습니다.
E:\0.study\Fishing4Cat-Fianl\FrameWork\Item.cpp(100,32): warning C4244: '인수': 'int'에서 'float'(으)로 변환하면서 데이터가 손실될 수 있습니다.
E:\0.study\Fishing4Cat-Fianl\FrameWork\Item.cpp(102,42): warning C4244: '인수': 'int'에서 'float'(으)로 변환하면서 데이터가 손실될 수 있습니다.
E:\0.study\Fishing4Cat-Fianl\FrameWork\Item.cpp(102,36): warning C4244: '인수': 'int'에서 'float'(으)로 변환하면서 데이터가 손실될 수 있습니다.
  key.cpp
E:\0.study\Fishing4Cat-Fianl\FrameWork\Cat.h(7,2): warning C4091: 'typedef ': 변수를 선언하지 않으면 'Kitten' 왼쪽은 무시됩니다.
E:\0.study\Fishing4Cat-Fianl\FrameWork\Item.h(23): warning C4091: 'typedef ': 변수를 선언하지 않으면 'Item::tem' 왼쪽은 무시됩니다.
  Load.cpp
E:\0.study\Fishing4Cat-Fianl\FrameWork\Cat.h(7,2): warning C4091: 'typedef ': 변수를 선언하지 않으면 'Kitten' 왼쪽은 무시됩니다.
E:\0.study\Fishing4Cat-Fianl\FrameWork\Item.h(23): warning C4091: 'typedef ': 변수를 선언하지 않으면 'Item::tem' 왼쪽은 무시됩니다.
  Logo.cpp
E:\0.study\Fishing4Cat-Fianl\FrameWork\Cat.h(7,2): warning C4091: 'typedef ': 변수를 선언하지 않으면 'Kitten' 왼쪽은 무시됩니다.
E:\0.study\Fishing4Cat-Fianl\FrameWork\Item.h(23): warning C4091: 'typedef ': 변수를 선언하지 않으면 'Item::tem' 왼쪽은 무시됩니다.
E:\0.study\Fishing4Cat-Fianl\FrameWork\Logo.cpp(26,30): warning C4244: '+=': 'double'에서 'float'(으)로 변환하면서 데이터가 손실될 수 있습니다.
E:\0.study\Fishing4Cat-Fianl\FrameWork\Logo.cpp(44,32): warning C4244: '인수': 'float'에서 'int'(으)로 변환하면서 데이터가 손실될 수 있습니다.
  Main.cpp
E:\0.study\Fishing4Cat-Fianl\FrameWork\Cat.h(7,2): warning C4091: 'typedef ': 변수를 선언하지 않으면 'Kitten' 왼쪽은 무시됩니다.
E:\0.study\Fishing4Cat-Fianl\FrameWork\Item.h(23): warning C4091: 'typedef ': 변수를 선언하지 않으면 'Item::tem' 왼쪽은 무시됩니다.
E:\0.study\Fishing4Cat-Fianl\FrameWork\Main.cpp(116,11): warning C4244: '=': 'float'에서 'int'(으)로 변환하면서 데이터가 손실될 수 있습니다.
E:\0.study\Fishing4Cat-Fianl\FrameWork\Main.cpp(138,12): warning C4244: 'return': 'WPARAM'에서 'int'(으)로 변환하면서 데이터가 손실될 수 있습니다.
E:\0.study\Fishing4Cat-Fianl\FrameWork\Main.cpp(151,12): warning C4244: '=': 'WPARAM'에서 'char'(으)로 변환하면서 데이터가 손실될 수 있습니다.
  Map.cpp
E:\0.study\Fishing4Cat-Fianl\FrameWork\Cat.h(7,2): warning C4091: 'typedef ': 변수를 선언하지 않으면 'Kitten' 왼쪽은 무시됩니다.
E:\0.study\Fishing4Cat-Fianl\FrameWork\Item.h(23): warning C4091: 'typedef ': 변수를 선언하지 않으면 'Item::tem' 왼쪽은 무시됩니다.
E:\0.study\Fishing4Cat-Fianl\FrameWork\Map.cpp(29,9): warning C4101: 'j' :참조되지 않은 지역 변수입니다.
E:\0.study\Fishing4Cat-Fianl\FrameWork\Map.cpp(29,6): warning C4101: 'i' :참조되지 않은 지역 변수입니다.
E:\0.study\Fishing4Cat-Fianl\FrameWork\Map.cpp(167,17): warning C4305: '+=': 'double'에서 'float'(으)로 잘립니다.
E:\0.study\Fishing4Cat-Fianl\FrameWork\Map.cpp(172,17): warning C4305: '-=': 'double'에서 'float'(으)로 잘립니다.
E:\0.study\Fishing4Cat-Fianl\FrameWork\Map.cpp(260,32): warning C4305: '인수': 'double'에서 'float'(으)로 잘립니다.
E:\0.study\Fishing4Cat-Fianl\FrameWork\Map.cpp(263,40): warning C4305: '인수': 'double'에서 'float'(으)로 잘립니다.
E:\0.study\Fishing4Cat-Fianl\FrameWork\Map.cpp(278,30): warning C4305: '인수': 'double'에서 'float'(으)로 잘립니다.
E:\0.study\Fishing4Cat-Fianl\FrameWork\Map.cpp(281,52): warning C4244: '인수': 'int'에서 'float'(으)로 변환하면서 데이터가 손실될 수 있습니다.
E:\0.study\Fishing4Cat-Fianl\FrameWork\Map.cpp(281,33): warning C4244: '인수': 'int'에서 'float'(으)로 변환하면서 데이터가 손실될 수 있습니다.
E:\0.study\Fishing4Cat-Fianl\FrameWork\Map.cpp(282,52): warning C4244: '인수': 'int'에서 'float'(으)로 변환하면서 데이터가 손실될 수 있습니다.
E:\0.study\Fishing4Cat-Fianl\FrameWork\Map.cpp(282,33): warning C4244: '인수': 'int'에서 'float'(으)로 변환하면서 데이터가 손실될 수 있습니다.
E:\0.study\Fishing4Cat-Fianl\FrameWork\Map.cpp(283,45): warning C4244: '인수': 'int'에서 'float'(으)로 변환하면서 데이터가 손실될 수 있습니다.
E:\0.study\Fishing4Cat-Fianl\FrameWork\Map.cpp(283,26): warning C4244: '인수': 'int'에서 'float'(으)로 변환하면서 데이터가 손실될 수 있습니다.
E:\0.study\Fishing4Cat-Fianl\FrameWork\Map.cpp(307,59): warning C4305: '인수': 'double'에서 'float'(으)로 잘립니다.
E:\0.study\Fishing4Cat-Fianl\FrameWork\Map.cpp(307,47): warning C4244: '인수': 'double'에서 'float'(으)로 변환하면서 데이터가 손실될 수 있습니다.
E:\0.study\Fishing4Cat-Fianl\FrameWork\Map.cpp(307,26): warning C4244: '인수': 'int'에서 'float'(으)로 변환하면서 데이터가 손실될 수 있습니다.
E:\0.study\Fishing4Cat-Fianl\FrameWork\Map.cpp(308,61): warning C4305: '인수': 'double'에서 'float'(으)로 잘립니다.
E:\0.study\Fishing4Cat-Fianl\FrameWork\Map.cpp(308,49): warning C4244: '인수': 'double'에서 'float'(으)로 변환하면서 데이터가 손실될 수 있습니다.
E:\0.study\Fishing4Cat-Fianl\FrameWork\Map.cpp(308,27): warning C4244: '인수': 'int'에서 'float'(으)로 변환하면서 데이터가 손실될 수 있습니다.
E:\0.study\Fishing4Cat-Fianl\FrameWork\Map.cpp(312,49): warning C4305: '인수': 'double'에서 'float'(으)로 잘립니다.
  Menu.cpp
E:\0.study\Fishing4Cat-Fianl\FrameWork\Cat.h(7,2): warning C4091: 'typedef ': 변수를 선언하지 않으면 'Kitten' 왼쪽은 무시됩니다.
E:\0.study\Fishing4Cat-Fianl\FrameWork\Item.h(23): warning C4091: 'typedef ': 변수를 선언하지 않으면 'Item::tem' 왼쪽은 무시됩니다.
  Mysql.cpp
E:\0.study\Fishing4Cat-Fianl\FrameWork\Cat.h(7,2): warning C4091: 'typedef ': 변수를 선언하지 않으면 'Kitten' 왼쪽은 무시됩니다.
E:\0.study\Fishing4Cat-Fianl\FrameWork\Item.h(23): warning C4091: 'typedef ': 변수를 선언하지 않으면 'Item::tem' 왼쪽은 무시됩니다.
  코드를 생성하고 있습니다...
  컴파일하고 있습니다...
  Npc.cpp
E:\0.study\Fishing4Cat-Fianl\FrameWork\Cat.h(7,2): warning C4091: 'typedef ': 변수를 선언하지 않으면 'Kitten' 왼쪽은 무시됩니다.
E:\0.study\Fishing4Cat-Fianl\FrameWork\Item.h(23): warning C4091: 'typedef ': 변수를 선언하지 않으면 'Item::tem' 왼쪽은 무시됩니다.
E:\0.study\Fishing4Cat-Fianl\FrameWork\Npc.cpp(26,36): warning C4305: '인수': 'double'에서 'float'(으)로 잘립니다.
E:\0.study\Fishing4Cat-Fianl\FrameWork\Npc.cpp(28,9): warning C4804: '<': 연산에 'bool' 형식을 사용하는 것은 안전하지 않습니다.
  Option.cpp
E:\0.study\Fishing4Cat-Fianl\FrameWork\Cat.h(7,2): warning C4091: 'typedef ': 변수를 선언하지 않으면 'Kitten' 왼쪽은 무시됩니다.
E:\0.study\Fishing4Cat-Fianl\FrameWork\Item.h(23): warning C4091: 'typedef ': 변수를 선언하지 않으면 'Item::tem' 왼쪽은 무시됩니다.
E:\0.study\Fishing4Cat-Fianl\FrameWork\Option.cpp(878,28): warning C4244: '인수': 'int'에서 'float'(으)로 변환하면서 데이터가 손실될 수 있습니다.
E:\0.study\Fishing4Cat-Fianl\FrameWork\Option.cpp(878,17): warning C4244: '인수': 'int'에서 'float'(으)로 변환하면서 데이터가 손실될 수 있습니다.
  Over.cpp
E:\0.study\Fishing4Cat-Fianl\FrameWork\Cat.h(7,2): warning C4091: 'typedef ': 변수를 선언하지 않으면 'Kitten' 왼쪽은 무시됩니다.
E:\0.study\Fishing4Cat-Fianl\FrameWork\Item.h(23): warning C4091: 'typedef ': 변수를 선언하지 않으면 'Item::tem' 왼쪽은 무시됩니다.
  Power.cpp
E:\0.study\Fishing4Cat-Fianl\FrameWork\Cat.h(7,2): warning C4091: 'typedef ': 변수를 선언하지 않으면 'Kitten' 왼쪽은 무시됩니다.
E:\0.study\Fishing4Cat-Fianl\FrameWork\Item.h(23): warning C4091: 'typedef ': 변수를 선언하지 않으면 'Item::tem' 왼쪽은 무시됩니다.
E:\0.study\Fishing4Cat-Fianl\FrameWork\Power.cpp(92,24): warning C4244: '인수': 'int'에서 'float'(으)로 변환하면서 데이터가 손실될 수 있습니다.
  Quest.cpp
E:\0.study\Fishing4Cat-Fianl\FrameWork\Cat.h(7,2): warning C4091: 'typedef ': 변수를 선언하지 않으면 'Kitten' 왼쪽은 무시됩니다.
E:\0.study\Fishing4Cat-Fianl\FrameWork\Item.h(23): warning C4091: 'typedef ': 변수를 선언하지 않으면 'Item::tem' 왼쪽은 무시됩니다.
  Sound.cpp
E:\0.study\Fishing4Cat-Fianl\FrameWork\Cat.h(7,2): warning C4091: 'typedef ': 변수를 선언하지 않으면 'Kitten' 왼쪽은 무시됩니다.
E:\0.study\Fishing4Cat-Fianl\FrameWork\Item.h(23): warning C4091: 'typedef ': 변수를 선언하지 않으면 'Item::tem' 왼쪽은 무시됩니다.
  Sprite.cpp
E:\0.study\Fishing4Cat-Fianl\FrameWork\Cat.h(7,2): warning C4091: 'typedef ': 변수를 선언하지 않으면 'Kitten' 왼쪽은 무시됩니다.
E:\0.study\Fishing4Cat-Fianl\FrameWork\Item.h(23): warning C4091: 'typedef ': 변수를 선언하지 않으면 'Item::tem' 왼쪽은 무시됩니다.
E:\0.study\Fishing4Cat-Fianl\FrameWork\Sprite.cpp(44,19): warning C4838: 'float'에서 'LONG'(으)로의 변환에는 축소 변환이 필요합니다.
E:\0.study\Fishing4Cat-Fianl\FrameWork\Sprite.cpp(44,19): warning C4244: '초기화 중': 'float'에서 'LONG'(으)로 변환하면서 데이터가 손실될 수 있습니다.
E:\0.study\Fishing4Cat-Fianl\FrameWork\Sprite.cpp(44,24): warning C4838: 'float'에서 'LONG'(으)로의 변환에는 축소 변환이 필요합니다.
E:\0.study\Fishing4Cat-Fianl\FrameWork\Sprite.cpp(44,24): warning C4244: '초기화 중': 'float'에서 'LONG'(으)로 변환하면서 데이터가 손실될 수 있습니다.
E:\0.study\Fishing4Cat-Fianl\FrameWork\Sprite.cpp(44,29): warning C4838: 'float'에서 'LONG'(으)로의 변환에는 축소 변환이 필요합니다.
E:\0.study\Fishing4Cat-Fianl\FrameWork\Sprite.cpp(44,29): warning C4244: '초기화 중': 'float'에서 'LONG'(으)로 변환하면서 데이터가 손실될 수 있습니다.
E:\0.study\Fishing4Cat-Fianl\FrameWork\Sprite.cpp(44,34): warning C4838: 'float'에서 'LONG'(으)로의 변환에는 축소 변환이 필요합니다.
E:\0.study\Fishing4Cat-Fianl\FrameWork\Sprite.cpp(44,34): warning C4244: '초기화 중': 'float'에서 'LONG'(으)로 변환하면서 데이터가 손실될 수 있습니다.
E:\0.study\Fishing4Cat-Fianl\FrameWork\Sprite.cpp(91): error C2102: '&'에 l-value가 있어야 합니다.
E:\0.study\Fishing4Cat-Fianl\FrameWork\Sprite.cpp(108,15): warning C4838: 'float'에서 'LONG'(으)로의 변환에는 축소 변환이 필요합니다.
E:\0.study\Fishing4Cat-Fianl\FrameWork\Sprite.cpp(108,15): warning C4244: '초기화 중': 'float'에서 'LONG'(으)로 변환하면서 데이터가 손실될 수 있습니다.
E:\0.study\Fishing4Cat-Fianl\FrameWork\Sprite.cpp(108,19): warning C4838: 'float'에서 'LONG'(으)로의 변환에는 축소 변환이 필요합니다.
E:\0.study\Fishing4Cat-Fianl\FrameWork\Sprite.cpp(108,19): warning C4244: '초기화 중': 'float'에서 'LONG'(으)로 변환하면서 데이터가 손실될 수 있습니다.
E:\0.study\Fishing4Cat-Fianl\FrameWork\Sprite.cpp(108,23): warning C4838: 'float'에서 'LONG'(으)로의 변환에는 축소 변환이 필요합니다.
E:\0.study\Fishing4Cat-Fianl\FrameWork\Sprite.cpp(108,23): warning C4244: '초기화 중': 'float'에서 'LONG'(으)로 변환하면서 데이터가 손실될 수 있습니다.
E:\0.study\Fishing4Cat-Fianl\FrameWork\Sprite.cpp(108,27): warning C4838: 'float'에서 'LONG'(으)로의 변환에는 축소 변환이 필요합니다.
E:\0.study\Fishing4Cat-Fianl\FrameWork\Sprite.cpp(108,27): warning C4244: '초기화 중': 'float'에서 'LONG'(으)로 변환하면서 데이터가 손실될 수 있습니다.
E:\0.study\Fishing4Cat-Fianl\FrameWork\Sprite.cpp(129): error C2102: '&'에 l-value가 있어야 합니다.
  Story.cpp
E:\0.study\Fishing4Cat-Fianl\FrameWork\Cat.h(7,2): warning C4091: 'typedef ': 변수를 선언하지 않으면 'Kitten' 왼쪽은 무시됩니다.
E:\0.study\Fishing4Cat-Fianl\FrameWork\Item.h(23): warning C4091: 'typedef ': 변수를 선언하지 않으면 'Item::tem' 왼쪽은 무시됩니다.
E:\0.study\Fishing4Cat-Fianl\FrameWork\Story.cpp(39,11): warning C4305: '=': 'double'에서 'float'(으)로 잘립니다.
E:\0.study\Fishing4Cat-Fianl\FrameWork\Story.cpp(82,31): warning C4244: '+=': 'double'에서 'float'(으)로 변환하면서 데이터가 손실될 수 있습니다.
E:\0.study\Fishing4Cat-Fianl\FrameWork\Story.cpp(96,33): warning C4244: '+=': 'double'에서 'float'(으)로 변환하면서 데이터가 손실될 수 있습니다.
E:\0.study\Fishing4Cat-Fianl\FrameWork\Story.cpp(155,17): warning C4305: '-=': 'double'에서 'float'(으)로 잘립니다.
E:\0.study\Fishing4Cat-Fianl\FrameWork\Story.cpp(156,17): warning C4305: '-=': 'double'에서 'float'(으)로 잘립니다.
E:\0.study\Fishing4Cat-Fianl\FrameWork\Story.cpp(172,15): warning C4305: '+=': 'double'에서 'float'(으)로 잘립니다.
E:\0.study\Fishing4Cat-Fianl\FrameWork\Story.cpp(179,16): warning C4305: '+=': 'double'에서 'float'(으)로 잘립니다.
E:\0.study\Fishing4Cat-Fianl\FrameWork\Story.cpp(180,16): warning C4305: '+=': 'double'에서 'float'(으)로 잘립니다.
E:\0.study\Fishing4Cat-Fianl\FrameWork\Story.cpp(181,22): warning C4305: '+=': 'double'에서 'float'(으)로 잘립니다.
E:\0.study\Fishing4Cat-Fianl\FrameWork\Story.cpp(182,18): warning C4305: '+=': 'double'에서 'float'(으)로 잘립니다.
E:\0.study\Fishing4Cat-Fianl\FrameWork\Story.cpp(183,18): warning C4305: '+=': 'double'에서 'float'(으)로 잘립니다.
E:\0.study\Fishing4Cat-Fianl\FrameWork\Story.cpp(204,16): warning C4305: '+=': 'double'에서 'float'(으)로 잘립니다.
E:\0.study\Fishing4Cat-Fianl\FrameWork\Story.cpp(205,16): warning C4305: '+=': 'double'에서 'float'(으)로 잘립니다.
E:\0.study\Fishing4Cat-Fianl\FrameWork\Story.cpp(206,22): warning C4305: '+=': 'double'에서 'float'(으)로 잘립니다.
E:\0.study\Fishing4Cat-Fianl\FrameWork\Story.cpp(207,18): warning C4305: '+=': 'double'에서 'float'(으)로 잘립니다.
E:\0.study\Fishing4Cat-Fianl\FrameWork\Story.cpp(208,18): warning C4305: '+=': 'double'에서 'float'(으)로 잘립니다.
E:\0.study\Fishing4Cat-Fianl\FrameWork\Story.cpp(220,15): warning C4305: '+=': 'double'에서 'float'(으)로 잘립니다.
E:\0.study\Fishing4Cat-Fianl\FrameWork\Story.cpp(222,22): warning C4305: '+=': 'double'에서 'float'(으)로 잘립니다.
E:\0.study\Fishing4Cat-Fianl\FrameWork\Story.cpp(227,15): warning C4305: '+=': 'double'에서 'float'(으)로 잘립니다.
E:\0.study\Fishing4Cat-Fianl\FrameWork\Story.cpp(228,22): warning C4305: '+=': 'double'에서 'float'(으)로 잘립니다.
E:\0.study\Fishing4Cat-Fianl\FrameWork\Story.cpp(233,15): warning C4305: '+=': 'double'에서 'float'(으)로 잘립니다.
E:\0.study\Fishing4Cat-Fianl\FrameWork\Story.cpp(234,16): warning C4305: '+=': 'double'에서 'float'(으)로 잘립니다.
E:\0.study\Fishing4Cat-Fianl\FrameWork\Story.cpp(235,22): warning C4305: '+=': 'double'에서 'float'(으)로 잘립니다.
E:\0.study\Fishing4Cat-Fianl\FrameWork\Story.cpp(273,36): warning C4305: '인수': 'double'에서 'float'(으)로 잘립니다.
E:\0.study\Fishing4Cat-Fianl\FrameWork\Story.cpp(275,52): warning C4305: '인수': 'double'에서 'float'(으)로 잘립니다.
  Town.cpp
E:\0.study\Fishing4Cat-Fianl\FrameWork\Cat.h(7,2): warning C4091: 'typedef ': 변수를 선언하지 않으면 'Kitten' 왼쪽은 무시됩니다.
E:\0.study\Fishing4Cat-Fianl\FrameWork\Item.h(23): warning C4091: 'typedef ': 변수를 선언하지 않으면 'Item::tem' 왼쪽은 무시됩니다.
E:\0.study\Fishing4Cat-Fianl\FrameWork\Town.cpp(29,9): warning C4101: 'j' :참조되지 않은 지역 변수입니다.
E:\0.study\Fishing4Cat-Fianl\FrameWork\Town.cpp(29,6): warning C4101: 'i' :참조되지 않은 지역 변수입니다.
E:\0.study\Fishing4Cat-Fianl\FrameWork\Town.cpp(119,20): warning C4805: '==': 연산에 'int' 형식과 'bool' 형식을 함께 사용하는 것은 안전하지 않습니다.
E:\0.study\Fishing4Cat-Fianl\FrameWork\Town.cpp(134,33): warning C4305: '인수': 'double'에서 'float'(으)로 잘립니다.
E:\0.study\Fishing4Cat-Fianl\FrameWork\Town.cpp(150,14): warning C4804: '<': 연산에 'bool' 형식을 사용하는 것은 안전하지 않습니다.
  코드를 생성하고 있습니다...
