c:\users\4com\desktop\20180207_sql주석버전\framework\debug\vc141.pdb
c:\users\4com\desktop\20180207_sql주석버전\framework\debug\vc141.idb
c:\users\4com\desktop\20180207_sql주석버전\framework\debug\fishing.obj
c:\users\4com\desktop\20180207_sql주석버전\framework\debug\game.obj
c:\users\4com\desktop\20180207_sql주석버전\framework\debug\gamemanager.obj
c:\users\4com\desktop\20180207_sql주석버전\framework\debug\inventory.obj
c:\users\4com\desktop\20180207_sql주석버전\framework\debug\item.obj
c:\users\4com\desktop\20180207_sql주석버전\framework\debug\key.obj
c:\users\4com\desktop\20180207_sql주석버전\framework\debug\logo.obj
c:\users\4com\desktop\20180207_sql주석버전\framework\debug\main.obj
c:\users\4com\desktop\20180207_sql주석버전\framework\debug\map.obj
c:\users\4com\desktop\20180207_sql주석버전\framework\debug\menu.obj
c:\users\4com\desktop\20180207_sql주석버전\framework\debug\mysql.obj
c:\users\4com\desktop\20180207_sql주석버전\framework\debug\npc.obj
c:\users\4com\desktop\20180207_sql주석버전\framework\debug\option.obj
c:\users\4com\desktop\20180207_sql주석버전\framework\debug\over.obj
c:\users\4com\desktop\20180207_sql주석버전\framework\debug\power.obj
c:\users\4com\desktop\20180207_sql주석버전\framework\debug\quest.obj
c:\users\4com\desktop\20180207_sql주석버전\framework\debug\sound.obj
c:\users\4com\desktop\20180207_sql주석버전\framework\debug\sprite.obj
c:\users\4com\desktop\20180207_sql주석버전\framework\debug\story.obj
c:\users\4com\desktop\20180207_sql주석버전\framework\debug\town.obj
c:\users\4com\desktop\20180207_sql주석버전\framework\debug\boat.obj
c:\users\4com\desktop\20180207_sql주석버전\framework\debug\cat.obj
c:\users\4com\desktop\20180207_sql주석버전\framework\debug\cmng.obj
c:\users\4com\desktop\20180207_sql주석버전\framework\debug\comeonfish.obj
c:\users\4com\desktop\20180207_sql주석버전\framework\debug\deal.obj
c:\users\4com\desktop\20180207_sql주석버전\framework\debug\dxutsound.obj
c:\users\4com\desktop\20180207_sql주석버전\framework\debug\devicefont.obj
c:\users\4com\desktop\20180207_sql주석버전\framework\debug\fish.obj
c:\users\4com\desktop\20180207_sql주석버전\debug\framework.ilk
c:\users\4com\desktop\20180207_sql주석버전\debug\framework.exe
c:\users\4com\desktop\20180207_sql주석버전\debug\framework.pdb
c:\users\4com\desktop\20180207_sql주석버전\framework\debug\framework.tlog\cl.command.1.tlog
c:\users\4com\desktop\20180207_sql주석버전\framework\debug\framework.tlog\cl.read.1.tlog
c:\users\4com\desktop\20180207_sql주석버전\framework\debug\framework.tlog\cl.write.1.tlog
c:\users\4com\desktop\20180207_sql주석버전\framework\debug\framework.tlog\link.command.1.tlog
c:\users\4com\desktop\20180207_sql주석버전\framework\debug\framework.tlog\link.read.1.tlog
c:\users\4com\desktop\20180207_sql주석버전\framework\debug\framework.tlog\link.write.1.tlog
