c:\users\4com\desktop\20180207 ui합침\framework\x64\release\vc141.pdb
c:\users\4com\desktop\20180207 ui합침\framework\x64\release\npc.obj
c:\users\4com\desktop\20180207 ui합침\framework\x64\release\mysql.obj
c:\users\4com\desktop\20180207 ui합침\framework\x64\release\menu.obj
c:\users\4com\desktop\20180207 ui합침\framework\x64\release\map.obj
c:\users\4com\desktop\20180207 ui합침\framework\x64\release\main.obj
c:\users\4com\desktop\20180207 ui합침\framework\x64\release\logo.obj
c:\users\4com\desktop\20180207 ui합침\framework\x64\release\key.obj
c:\users\4com\desktop\20180207 ui합침\framework\x64\release\item.obj
c:\users\4com\desktop\20180207 ui합침\framework\x64\release\inventory.obj
c:\users\4com\desktop\20180207 ui합침\framework\x64\release\gamemanager.obj
c:\users\4com\desktop\20180207 ui합침\framework\x64\release\game.obj
c:\users\4com\desktop\20180207 ui합침\framework\x64\release\fishing.obj
c:\users\4com\desktop\20180207 ui합침\framework\x64\release\fish.obj
c:\users\4com\desktop\20180207 ui합침\framework\x64\release\devicefont.obj
c:\users\4com\desktop\20180207 ui합침\framework\x64\release\dxutsound.obj
c:\users\4com\desktop\20180207 ui합침\framework\x64\release\deal.obj
c:\users\4com\desktop\20180207 ui합침\framework\x64\release\comeonfish.obj
c:\users\4com\desktop\20180207 ui합침\framework\x64\release\cmng.obj
c:\users\4com\desktop\20180207 ui합침\framework\x64\release\cat.obj
c:\users\4com\desktop\20180207 ui합침\framework\x64\release\boat.obj
c:\users\4com\desktop\20180207 ui합침\framework\x64\release\town.obj
c:\users\4com\desktop\20180207 ui합침\framework\x64\release\story.obj
c:\users\4com\desktop\20180207 ui합침\framework\x64\release\sprite.obj
c:\users\4com\desktop\20180207 ui합침\framework\x64\release\sound.obj
c:\users\4com\desktop\20180207 ui합침\framework\x64\release\quest.obj
c:\users\4com\desktop\20180207 ui합침\framework\x64\release\power.obj
c:\users\4com\desktop\20180207 ui합침\framework\x64\release\over.obj
c:\users\4com\desktop\20180207 ui합침\framework\x64\release\option.obj
c:\users\4com\desktop\20180207 ui합침\x64\release\framework.ipdb
c:\users\4com\desktop\20180207 ui합침\x64\release\framework.iobj
c:\users\4com\desktop\20180207 ui합침\x64\release\framework.exe
c:\users\4com\desktop\20180207 ui합침\x64\release\framework.pdb
c:\users\4com\desktop\20180207_sql주석버전\framework\x64\release\boat.obj
c:\users\4com\desktop\20180207_sql주석버전\framework\x64\release\cat.obj
c:\users\4com\desktop\20180207_sql주석버전\framework\x64\release\cmng.obj
c:\users\4com\desktop\20180207_sql주석버전\framework\x64\release\comeonfish.obj
c:\users\4com\desktop\20180207_sql주석버전\framework\x64\release\deal.obj
c:\users\4com\desktop\20180207_sql주석버전\framework\x64\release\devicefont.obj
c:\users\4com\desktop\20180207_sql주석버전\framework\x64\release\dxutsound.obj
c:\users\4com\desktop\20180207_sql주석버전\framework\x64\release\fish.obj
c:\users\4com\desktop\20180207_sql주석버전\framework\x64\release\fishing.obj
c:\users\4com\desktop\20180207_sql주석버전\framework\x64\release\game.obj
c:\users\4com\desktop\20180207_sql주석버전\framework\x64\release\gamemanager.obj
c:\users\4com\desktop\20180207_sql주석버전\framework\x64\release\inventory.obj
c:\users\4com\desktop\20180207_sql주석버전\framework\x64\release\item.obj
c:\users\4com\desktop\20180207_sql주석버전\framework\x64\release\key.obj
c:\users\4com\desktop\20180207_sql주석버전\framework\x64\release\logo.obj
c:\users\4com\desktop\20180207_sql주석버전\framework\x64\release\main.obj
c:\users\4com\desktop\20180207_sql주석버전\framework\x64\release\map.obj
c:\users\4com\desktop\20180207_sql주석버전\framework\x64\release\menu.obj
c:\users\4com\desktop\20180207_sql주석버전\framework\x64\release\mysql.obj
c:\users\4com\desktop\20180207_sql주석버전\framework\x64\release\npc.obj
c:\users\4com\desktop\20180207_sql주석버전\framework\x64\release\option.obj
c:\users\4com\desktop\20180207_sql주석버전\framework\x64\release\over.obj
c:\users\4com\desktop\20180207_sql주석버전\framework\x64\release\power.obj
c:\users\4com\desktop\20180207_sql주석버전\framework\x64\release\quest.obj
c:\users\4com\desktop\20180207_sql주석버전\framework\x64\release\sound.obj
c:\users\4com\desktop\20180207_sql주석버전\framework\x64\release\sprite.obj
c:\users\4com\desktop\20180207_sql주석버전\framework\x64\release\story.obj
c:\users\4com\desktop\20180207_sql주석버전\framework\x64\release\town.obj
c:\users\4com\desktop\20180207_sql주석버전\framework\x64\release\vc141.pdb
c:\users\4com\desktop\20180207_sql주석버전\x64\release\framework.pdb
c:\users\4com\desktop\20180207_sql주석버전\x64\release\framework.exe
c:\users\4com\desktop\20180207_sql주석버전\framework\x64\release\framework.tlog\cl.command.1.tlog
c:\users\4com\desktop\20180207_sql주석버전\framework\x64\release\framework.tlog\cl.read.1.tlog
c:\users\4com\desktop\20180207_sql주석버전\framework\x64\release\framework.tlog\cl.write.1.tlog
c:\users\4com\desktop\20180207_sql주석버전\framework\x64\release\framework.tlog\framework.write.1u.tlog
c:\users\4com\desktop\20180207_sql주석버전\framework\x64\release\framework.tlog\link.command.1.tlog
c:\users\4com\desktop\20180207_sql주석버전\framework\x64\release\framework.tlog\link.read.1.tlog
c:\users\4com\desktop\20180207_sql주석버전\framework\x64\release\framework.tlog\link.write.1.tlog
